#
# There is insufficient memory for the Java Runtime Environment to continue.
# Native memory allocation (mmap) failed to map 257949696 bytes for G1 virtual space
# Possible reasons:
#   The system is out of physical RAM or swap space
#   The process is running with CompressedOops enabled, and the Java Heap may be blocking the growth of the native heap
# Possible solutions:
#   Reduce memory load on the system
#   Increase physical memory or swap space
#   Check if swap backing store is full
#   Decrease Java heap size (-Xmx/-Xms)
#   Decrease number of Java threads
#   Decrease Java thread stack sizes (-Xss)
#   Set larger code cache with -XX:ReservedCodeCacheSize=
#   JVM is running with Zero Based Compressed Oops mode in which the Java heap is
#     placed in the first 32GB address space. The Java Heap base address is the
#     maximum limit for the native heap growth. Please use -XX:HeapBaseMinAddress
#     to set the Java Heap base and to place the Java Heap above 32GB virtual address.
# This output file may be truncated or incomplete.
#
#  Out of Memory Error (os_windows.cpp:3550), pid=9852, tid=21712
#
# JRE version:  (17.0.7+8) (build )
# Java VM: Java HotSpot(TM) 64-Bit Server VM (17.0.7+8-LTS-224, mixed mode, sharing, tiered, compressed oops, compressed class ptrs, g1 gc, windows-amd64)
# No core dump will be written. Minidumps are not enabled by default on client versions of Windows
#

---------------  S U M M A R Y ------------

Command Line: -javaagent:C:\\Users\\NITRO\\.m2\\repository\\org\\jacoco\\org.jacoco.agent\\0.8.7\\org.jacoco.agent-0.8.7-runtime.jar=destfile=C:\\Users\\NITRO\\Desktop\\notes (2)\\Konyvtar\\target\\jacoco.exec C:\Users\NITRO\AppData\Local\Temp\surefire2736643708945632115\surefirebooter-20230601120032070_3.jar C:\Users\NITRO\AppData\Local\Temp\surefire2736643708945632115 2023-06-01T12-00-31_963-jvmRun1 surefire-20230601120032070_1tmp surefire_0-20230601120032070_2tmp

Host: AMD Ryzen 5 5600H with Radeon Graphics         , 12 cores, 15G,  Windows 10 , 64 bit Build 19041 (10.0.19041.2913)
Time: Thu Jun  1 12:00:32 2023 Közép-európai nyári iduild 19041 (10.0.19041.2913) elapsed time: 0.008439 seconds (0d 0h 0m 0s)

---------------  T H R E A D  ---------------

Current thread (0x00000226ea370630):  JavaThread "Unknown thread" [_thread_in_vm, id=21712, stack(0x0000006bdd500000,0x0000006bdd600000)]

Stack: [0x0000006bdd500000,0x0000006bdd600000]
Native frames: (J=compiled Java code, j=interpreted, Vv=VM code, C=native code)
V  [jvm.dll+0x676a4a]
V  [jvm.dll+0x7d74f4]
V  [jvm.dll+0x7d8c9e]
V  [jvm.dll+0x7d9303]
V  [jvm.dll+0x2452c5]
V  [jvm.dll+0x6738f9]
V  [jvm.dll+0x668232]
V  [jvm.dll+0x302826]
V  [jvm.dll+0x309da6]
V  [jvm.dll+0x35952e]
V  [jvm.dll+0x35975f]
V  [jvm.dll+0x2d9a38]
V  [jvm.dll+0x2da9a4]
V  [jvm.dll+0x7a8fb1]
V  [jvm.dll+0x3670e1]
V  [jvm.dll+0x788359]
V  [jvm.dll+0x3ea5ef]
V  [jvm.dll+0x3ec071]
C  [jli.dll+0x5297]
C  [ucrtbase.dll+0x21bb2]
C  [KERNEL32.DLL+0x17614]
C  [ntdll.dll+0x526a1]


---------------  P R O C E S S  ---------------

Threads class SMR info:
_java_thread_list=0x00007ffe8e324998, length=0, elements={
}

Java Threads: ( => current thread )

Other Threads:
  0x00000226ea3d9650 GCTaskThread "GC Thread#0" [stack: 0x0000006bdd600000,0x0000006bdd700000] [id=5672]
  0x00000226ea3ea360 ConcurrentGCThread "G1 Main Marker" [stack: 0x0000006bdd700000,0x0000006bdd800000] [id=21676]
  0x00000226ea3ebd80 ConcurrentGCThread "G1 Conc#0" [stack: 0x0000006bdd800000,0x0000006bdd900000] [id=1968]

[error occurred during error reporting (printing all threads), id 0xc0000005, EXCEPTION_ACCESS_VIOLATION (0xc0000005) at pc=0x00007ffe8db5a697]

VM state: not at safepoint (not fully initialized)

VM Mutex/Monitor currently owned by a thread:  ([mutex/lock_event])
[0x00000226ea36da80] Heap_lock - owner thread: 0x00000226ea370630

Heap address: 0x000000070a400000, size: 3932 MB, Compressed Oops mode: Zero based, Oop shift amount: 3

CDS archive(s) mapped at: [0x0000000000000000-0x0000000000000000-0x0000000000000000), size 0, SharedBaseAddress: 0x0000000800000000, ArchiveRelocationMode: 0.
Narrow klass base: 0x0000000000000000, Narrow klass shift: 0, Narrow klass range: 0x0

GC Precious Log:
<Empty>

Heap:
 garbage-first heap   total 0K, used 0K [0x000000070a400000, 0x0000000800000000)
  region size 2048K, 0 young (0K), 0 survivors (0K)

[error occurred during error reporting (printing heap information), id 0xc0000005, EXCEPTION_ACCESS_VIOLATION (0xc0000005) at pc=0x00007ffe8df400b9]

GC Heap History (0 events):
No events

Deoptimization events (0 events):
No events

Classes unloaded (0 events):
No events

Classes redefined (0 events):
No events

Internal exceptions (0 events):
No events

VM Operations (0 events):
No events

Events (1 events):
Event: 0.005 Loaded shared library C:\Program Files\Java\jdk-17\bin\java.dll


Dynamic libraries:
0x00007ff696ef0000 - 0x00007ff696f00000 	C:\Program Files\Java\jdk-17\bin\java.exe
0x00007fff20790000 - 0x00007fff20988000 	C:\WINDOWS\SYSTEM32\ntdll.dll
0x00007fff1e9d0000 - 0x00007fff1ea8f000 	C:\WINDOWS\System32\KERNEL32.DLL
0x00007fff1e100000 - 0x00007fff1e3f6000 	C:\WINDOWS\System32\KERNELBASE.dll
0x00007fff1e000000 - 0x00007fff1e100000 	C:\WINDOWS\System32\ucrtbase.dll
0x00007fff0be10000 - 0x00007fff0be29000 	C:\Program Files\Java\jdk-17\bin\jli.dll
0x00007fff0bd80000 - 0x00007fff0bd9b000 	C:\Program Files\Java\jdk-17\bin\VCRUNTIME140.dll
0x00007fff1f240000 - 0x00007fff1f2ef000 	C:\WINDOWS\System32\ADVAPI32.dll
0x00007fff1f140000 - 0x00007fff1f1de000 	C:\WINDOWS\System32\msvcrt.dll
0x00007fff206b0000 - 0x00007fff2074c000 	C:\WINDOWS\System32\sechost.dll
0x00007fff1e880000 - 0x00007fff1e9a6000 	C:\WINDOWS\System32\RPCRT4.dll
0x00007fff1ed20000 - 0x00007fff1eebd000 	C:\WINDOWS\System32\USER32.dll
0x00007fff0f260000 - 0x00007fff0f4fa000 	C:\WINDOWS\WinSxS\amd64_microsoft.windows.common-controls_6595b64144ccf1df_6.0.19041.1110_none_60b5254171f9507e\COMCTL32.dll
0x00007fff1dfd0000 - 0x00007fff1dff2000 	C:\WINDOWS\System32\win32u.dll
0x00007fff20620000 - 0x00007fff2064c000 	C:\WINDOWS\System32\GDI32.dll
0x00007fff1e400000 - 0x00007fff1e515000 	C:\WINDOWS\System32\gdi32full.dll
0x00007fff1e750000 - 0x00007fff1e7ed000 	C:\WINDOWS\System32\msvcp_win.dll
0x00007fff14b50000 - 0x00007fff14b5a000 	C:\WINDOWS\SYSTEM32\VERSION.dll
0x00007fff1ffb0000 - 0x00007fff1ffe0000 	C:\WINDOWS\System32\IMM32.DLL
0x00007fff18360000 - 0x00007fff1836c000 	C:\Program Files\Java\jdk-17\bin\vcruntime140_1.dll
0x00007ffeffd80000 - 0x00007ffeffe0e000 	C:\Program Files\Java\jdk-17\bin\msvcp140.dll
0x00007ffe8d870000 - 0x00007ffe8e44d000 	C:\Program Files\Java\jdk-17\bin\server\jvm.dll
0x00007fff1ffe0000 - 0x00007fff1ffe8000 	C:\WINDOWS\System32\PSAPI.DLL
0x00007fff118d0000 - 0x00007fff118f7000 	C:\WINDOWS\SYSTEM32\WINMM.dll
0x00007fff00cd0000 - 0x00007fff00cd9000 	C:\WINDOWS\SYSTEM32\WSOCK32.dll
0x00007fff1f070000 - 0x00007fff1f0db000 	C:\WINDOWS\System32\WS2_32.dll
0x00007fff1c680000 - 0x00007fff1c692000 	C:\WINDOWS\SYSTEM32\kernel.appcore.dll
0x00007fff15010000 - 0x00007fff1501a000 	C:\Program Files\Java\jdk-17\bin\jimage.dll
0x00007fff1bcc0000 - 0x00007fff1bea4000 	C:\WINDOWS\SYSTEM32\DBGHELP.DLL
0x00007fff00300000 - 0x00007fff00334000 	C:\WINDOWS\SYSTEM32\dbgcore.DLL
0x00007fff1e620000 - 0x00007fff1e6a2000 	C:\WINDOWS\System32\bcryptPrimitives.dll
0x00007fff0beb0000 - 0x00007fff0bebe000 	C:\Program Files\Java\jdk-17\bin\instrument.dll
0x00007ffeffd50000 - 0x00007ffeffd75000 	C:\Program Files\Java\jdk-17\bin\java.dll

dbghelp: loaded successfully - version: 4.0.5 - missing functions: none
symbol engine: initialized successfully - sym options: 0x614 - pdb path: .;C:\Program Files\Java\jdk-17\bin;C:\WINDOWS\SYSTEM32;C:\WINDOWS\WinSxS\amd64_microsoft.windows.common-controls_6595b64144ccf1df_6.0.19041.1110_none_60b5254171f9507e;C:\Program Files\Java\jdk-17\bin\server

VM Arguments:
jvm_args: -javaagent:C:\\Users\\NITRO\\.m2\\repository\\org\\jacoco\\org.jacoco.agent\\0.8.7\\org.jacoco.agent-0.8.7-runtime.jar=destfile=C:\\Users\\NITRO\\Desktop\\notes (2)\\Konyvtar\\target\\jacoco.exec 
java_command: C:\Users\NITRO\AppData\Local\Temp\surefire2736643708945632115\surefirebooter-20230601120032070_3.jar C:\Users\NITRO\AppData\Local\Temp\surefire2736643708945632115 2023-06-01T12-00-31_963-jvmRun1 surefire-20230601120032070_1tmp surefire_0-20230601120032070_2tmp
java_class_path (initial): C:\Users\NITRO\AppData\Local\Temp\surefire2736643708945632115\surefirebooter-20230601120032070_3.jar
Launcher Type: SUN_STANDARD

[Global flags]
     intx CICompilerCount                          = 4                                         {product} {ergonomic}
     uint ConcGCThreads                            = 3                                         {product} {ergonomic}
     uint G1ConcRefinementThreads                  = 10                                        {product} {ergonomic}
   size_t G1HeapRegionSize                         = 2097152                                   {product} {ergonomic}
    uintx GCDrainStackTargetSize                   = 64                                        {product} {ergonomic}
   size_t InitialHeapSize                          = 257949696                                 {product} {ergonomic}
   size_t MarkStackSize                            = 4194304                                   {product} {ergonomic}
   size_t MaxHeapSize                              = 4123000832                                {product} {ergonomic}
   size_t MinHeapDeltaBytes                        = 2097152                                   {product} {ergonomic}
   size_t MinHeapSize                              = 8388608                                   {product} {ergonomic}
    uintx NonNMethodCodeHeapSize                   = 5839372                                {pd product} {ergonomic}
    uintx NonProfiledCodeHeapSize                  = 122909434                              {pd product} {ergonomic}
    uintx ProfiledCodeHeapSize                     = 122909434                              {pd product} {ergonomic}
    uintx ReservedCodeCacheSize                    = 251658240                              {pd product} {ergonomic}
     bool SegmentedCodeCache                       = true                                      {product} {ergonomic}
   size_t SoftMaxHeapSize                          = 4123000832                             {manageable} {ergonomic}
     bool UseCompressedClassPointers               = true                           {product lp64_product} {ergonomic}
     bool UseCompressedOops                        = true                           {product lp64_product} {ergonomic}
     bool UseG1GC                                  = true                                      {product} {ergonomic}
     bool UseLargePagesIndividualAllocation        = false                                  {pd product} {ergonomic}

Logging:
Log output configuration:
 #0: stdout all=warning uptime,level,tags
 #1: stderr all=off uptime,level,tags

Environment Variables:
JAVA_HOME=C:\Program Files\Java\jdk-17
PATH=C:\Program Files\Common Files\Oracle\Java\javapath;C:\Windows\system32;C:\Windows;C:\Windows\System32\Wbem;C:\Windows\System32\WindowsPowerShell\v1.0\;C:\Windows\System32\OpenSSH\;C:\Program Files (x86)\NVIDIA Corporation\PhysX\Common;C:\WINDOWS\system32;C:\WINDOWS;C:\WINDOWS\System32\Wbem;C:\WINDOWS\System32\WindowsPowerShell\v1.0\;C:\WINDOWS\System32\OpenSSH\;C:\Program Files\Git\cmd;C:\apache-maven-3.8.6-bin\apache-maven-3.8.6\bin;C:\Program Files\TortoiseGit\bin;C:\Program Files\Java\jdk-11.0.16.1\bin;C:\Program Files\dotnet\;C:\Program Files\NVIDIA Corporation\NVIDIA NvDLISR;C:\Program Files\Docker\Docker\resources\bin;C:\Program Files\Java\jdk-17/bin
USERNAME=NITRO
OS=Windows_NT
PROCESSOR_IDENTIFIER=AMD64 Family 25 Model 80 Stepping 0, AuthenticAMD



---------------  S Y S T E M  ---------------

OS:
 Windows 10 , 64 bit Build 19041 (10.0.19041.2913)
OS uptime: 0 days 2:28 hours
Hyper-V role detected

CPU: total 12 (initial active 12) (12 cores per cpu, 2 threads per core) family 25 model 80 stepping 0 microcode 0x0, cx8, cmov, fxsr, ht, mmx, 3dnowpref, sse, sse2, sse3, ssse3, sse4a, sse4.1, sse4.2, popcnt, lzcnt, tsc, tscinvbit, avx, avx2, aes, erms, clmul, bmi1, bmi2, adx, sha, fma, vzeroupper, clflush, clflushopt, hv

Memory: 4k page, system-wide physical 15724M (580M free)
TotalPageFile size 24724M (AvailPageFile size 180M)
current process WorkingSet (physical memory assigned to process): 10M, peak: 10M
current process commit charge ("private bytes"): 64M, peak: 310M

vm_info: Java HotSpot(TM) 64-Bit Server VM (17.0.7+8-LTS-224) for windows-amd64 JRE (17.0.7+8-LTS-224), built on Feb 28 2023 23:03:02 by "mach5one" with MS VC++ 17.1 (VS2022)

END.
